[30Sep2025 18:03:53.140] [main/INFO] [cpw.mods.modlauncher.Launcher/MODLAUNCHER]: ModLauncher running: args [--launchTarget, forgeclientdev, --version, 21.1.176, --assetIndex, 17, --assetsDir, C:\\Users\\icydr\\.mcreator\\gradle\\caches\\neoformruntime\\assets, --gameDir, ., --fml.fmlVersion, 4.0.39, --fml.mcVersion, 1.21.1, --fml.neoForgeVersion, 21.1.176, --fml.neoFormVersion, 20240808.144430]
[30Sep2025 18:03:53.142] [main/INFO] [cpw.mods.modlauncher.Launcher/MODLAUNCHER]: JVM identified as Eclipse Adoptium OpenJDK 64-Bit Server VM 21.0.7+6-LTS
[30Sep2025 18:03:53.144] [main/INFO] [cpw.mods.modlauncher.Launcher/MODLAUNCHER]: ModLauncher 11.0.4+main.d2e20e43 starting: java version 21.0.7 by Eclipse Adoptium; OS Windows 11 arch amd64 version 10.0
[30Sep2025 18:03:53.274] [main/INFO] [net.neoforged.fml.loading.ImmediateWindowHandler/]: Loading ImmediateWindowProvider fmlearlywindow
[30Sep2025 18:03:53.371] [main/INFO] [EARLYDISPLAY/]: Trying GL version 4.6
[30Sep2025 18:03:53.510] [main/INFO] [EARLYDISPLAY/]: Requested GL version 4.6 got version 4.6
[30Sep2025 18:03:53.599] [main/INFO] [mixin/]: SpongePowered MIXIN Subsystem Version=0.8.7 Source=union:/C:/Users/icydr/.mcreator/gradle/caches/modules-2/files-2.1/net.fabricmc/sponge-mixin/0.15.2+mixin.0.8.7/2af2f021d8e02a0220dc27a7a72b4666d66d44ca/sponge-mixin-0.15.2+mixin.0.8.7.jar%23138!/ Service=ModLauncher Env=CLIENT
[30Sep2025 18:03:53.864] [pool-2-thread-1/INFO] [EARLYDISPLAY/]: GL info: NVIDIA GeForce RTX 3050 OEM/PCIe/SSE2 GL version 4.6.0 NVIDIA 560.94, NVIDIA Corporation
[30Sep2025 18:03:54.101] [main/INFO] [net.neoforged.fml.loading.moddiscovery.locators.JarInJarDependencyLocator/]: Found 2 dependencies adding them to mods collection
[30Sep2025 18:03:54.102] [main/INFO] [net.neoforged.fml.loading.moddiscovery.ModDiscoverer/]: 
     Mod List:
		Name Version (Mod Id)

		Genetic Playground 1.0.0 (genetic_playground)
		Just Enough Items 19.21.0.247 (jei)
		Minecraft 1.21.1 (minecraft)
		NeoForge 21.1.176 (neoforge)
[30Sep2025 18:03:55.423] [main/INFO] [cpw.mods.modlauncher.LaunchServiceHandler/MODLAUNCHER]: Launching target 'forgeclientdev' with arguments [--version, 21.1.176, --gameDir, ., --assetsDir, C:\Users\icydr\.mcreator\gradle\caches\neoformruntime\assets, --assetIndex, 17]
[30Sep2025 18:03:57.252] [Datafixer Bootstrap/INFO] [com.mojang.datafixers.DataFixerBuilder/]: 229 Datafixer optimizations took 341 milliseconds
[30Sep2025 18:03:57.480] [pool-8-thread-1/INFO] [MixinExtras|Service/]: Initializing MixinExtras via com.llamalad7.mixinextras.service.MixinExtrasServiceImpl(version=0.4.1).
[30Sep2025 18:04:02.310] [main/WARN] [net.minecraft.commands.Commands/]: Ambiguity between arguments [teleport, location] and [teleport, destination] with inputs: [0.1 -0.5 .9, 0 0 0]
[30Sep2025 18:04:02.312] [main/WARN] [net.minecraft.commands.Commands/]: Ambiguity between arguments [teleport, location] and [teleport, targets] with inputs: [0.1 -0.5 .9, 0 0 0]
[30Sep2025 18:04:02.315] [main/WARN] [net.minecraft.commands.Commands/]: Ambiguity between arguments [teleport, destination] and [teleport, targets] with inputs: [Player, 0123, @e, dd12be42-52a9-4a91-a8a1-11c01849e498]
[30Sep2025 18:04:02.316] [main/WARN] [net.minecraft.commands.Commands/]: Ambiguity between arguments [teleport, targets] and [teleport, destination] with inputs: [Player, 0123, dd12be42-52a9-4a91-a8a1-11c01849e498]
[30Sep2025 18:04:02.316] [main/WARN] [net.minecraft.commands.Commands/]: Ambiguity between arguments [teleport, targets, location] and [teleport, targets, destination] with inputs: [0.1 -0.5 .9, 0 0 0]
[30Sep2025 18:04:02.423] [Render thread/WARN] [net.minecraft.server.packs.VanillaPackResourcesBuilder/]: Assets URL 'union:/C:/Users/icydr/Downloads/geneticplayground%20-%20Copy/build/moddev/artifacts/neoforge-21.1.176.jar%23189!/assets/.mcassetsroot' uses unexpected schema
[30Sep2025 18:04:02.423] [Render thread/WARN] [net.minecraft.server.packs.VanillaPackResourcesBuilder/]: Assets URL 'union:/C:/Users/icydr/Downloads/geneticplayground%20-%20Copy/build/moddev/artifacts/neoforge-21.1.176.jar%23189!/data/.mcassetsroot' uses unexpected schema
[30Sep2025 18:04:02.449] [Render thread/INFO] [com.mojang.authlib.yggdrasil.YggdrasilAuthenticationService/]: Environment: Environment[sessionHost=https://sessionserver.mojang.com, servicesHost=https://api.minecraftservices.com, name=PROD]
[30Sep2025 18:04:02.456] [Render thread/INFO] [net.minecraft.client.Minecraft/]: Setting user: Dev
[30Sep2025 18:04:02.578] [Render thread/INFO] [net.minecraft.client.Minecraft/]: Backend library: LWJGL version 3.3.3+5
[30Sep2025 18:04:02.785] [modloading-worker-0/INFO] [net.neoforged.neoforge.common.NeoForgeMod/NEOFORGE-MOD]: NeoForge mod loading, version 21.1.176, for MC 1.21.1
[30Sep2025 18:04:02.867] [modloading-worker-0/INFO] [mezz.jei.library.load.PluginCaller/]: Sending ConfigManager...
[30Sep2025 18:04:02.872] [modloading-worker-0/INFO] [mezz.jei.library.load.PluginCaller/]: Sending ConfigManager took 2.441 ms
[30Sep2025 18:04:03.752] [Render thread/INFO] [net.neoforged.neoforge.gametest.GameTestHooks/]: Enabled Gametest Namespaces: []
[30Sep2025 18:04:03.995] [Render thread/INFO] [net.minecraft.server.packs.resources.ReloadableResourceManager/]: Reloading ResourceManager: vanilla, mod_resources, mod/neoforge, mod/genetic_playground, mod/jei
[30Sep2025 18:04:04.130] [Worker-Main-13/INFO] [net.minecraft.client.gui.font.providers.UnihexProvider/]: Found unifont_all_no_pua-15.1.05.hex, loading
[30Sep2025 18:04:04.306] [Worker-Main-3/INFO] [net.minecraft.client.gui.font.providers.UnihexProvider/]: Found unifont_jp_patch-15.1.05.hex, loading
[30Sep2025 18:04:05.936] [Render thread/WARN] [net.minecraft.client.sounds.SoundEngine/]: Missing sound for event: minecraft:item.goat_horn.play
[30Sep2025 18:04:05.936] [Render thread/WARN] [net.minecraft.client.sounds.SoundEngine/]: Missing sound for event: minecraft:entity.goat.screaming.horn_break
[30Sep2025 18:04:05.985] [Render thread/INFO] [com.mojang.blaze3d.audio.Library/]: OpenAL initialized on device OpenAL Soft on MSI MP242 (NVIDIA High Definition Audio)
[30Sep2025 18:04:05.987] [Render thread/INFO] [net.minecraft.client.sounds.SoundEngine/SOUNDS]: Sound engine started
[30Sep2025 18:04:06.219] [Render thread/INFO] [net.minecraft.client.renderer.texture.TextureAtlas/]: Created: 2048x1024x2 minecraft:textures/atlas/blocks.png-atlas
[30Sep2025 18:04:06.240] [Render thread/INFO] [net.minecraft.client.renderer.texture.TextureAtlas/]: Created: 256x256x2 minecraft:textures/atlas/signs.png-atlas
[30Sep2025 18:04:06.241] [Render thread/INFO] [net.minecraft.client.renderer.texture.TextureAtlas/]: Created: 512x512x2 minecraft:textures/atlas/banner_patterns.png-atlas
[30Sep2025 18:04:06.242] [Render thread/INFO] [net.minecraft.client.renderer.texture.TextureAtlas/]: Created: 512x512x2 minecraft:textures/atlas/shield_patterns.png-atlas
[30Sep2025 18:04:06.242] [Render thread/INFO] [net.minecraft.client.renderer.texture.TextureAtlas/]: Created: 1024x1024x2 minecraft:textures/atlas/armor_trims.png-atlas
[30Sep2025 18:04:06.247] [Render thread/INFO] [net.minecraft.client.renderer.texture.TextureAtlas/]: Created: 256x256x2 minecraft:textures/atlas/chest.png-atlas
[30Sep2025 18:04:06.247] [Render thread/INFO] [net.minecraft.client.renderer.texture.TextureAtlas/]: Created: 128x64x2 minecraft:textures/atlas/decorated_pot.png-atlas
[30Sep2025 18:04:06.248] [Render thread/INFO] [net.minecraft.client.renderer.texture.TextureAtlas/]: Created: 512x256x2 minecraft:textures/atlas/beds.png-atlas
[30Sep2025 18:04:06.248] [Render thread/INFO] [net.minecraft.client.renderer.texture.TextureAtlas/]: Created: 512x256x2 minecraft:textures/atlas/shulker_boxes.png-atlas
[30Sep2025 18:04:06.340] [Render thread/INFO] [net.minecraft.client.renderer.texture.TextureAtlas/]: Created: 512x256x0 minecraft:textures/atlas/particles.png-atlas
[30Sep2025 18:04:06.342] [Render thread/INFO] [net.minecraft.client.renderer.texture.TextureAtlas/]: Created: 512x256x0 minecraft:textures/atlas/paintings.png-atlas
[30Sep2025 18:04:06.342] [Render thread/INFO] [net.minecraft.client.renderer.texture.TextureAtlas/]: Created: 256x128x0 minecraft:textures/atlas/mob_effects.png-atlas
[30Sep2025 18:04:06.342] [Render thread/INFO] [net.minecraft.client.renderer.texture.TextureAtlas/]: Created: 64x64x0 minecraft:textures/atlas/map_decorations.png-atlas
[30Sep2025 18:04:06.343] [Render thread/INFO] [net.minecraft.client.renderer.texture.TextureAtlas/]: Created: 1024x512x0 minecraft:textures/atlas/gui.png-atlas
[30Sep2025 18:04:06.369] [Render thread/WARN] [net.minecraft.client.renderer.ShaderInstance/]: Shader rendertype_entity_translucent_emissive could not find sampler named Sampler2 in the specified shader program.
[30Sep2025 18:04:06.439] [Render thread/INFO] [net.neoforged.neoforge.client.entity.animation.json.AnimationLoader/]: Loaded 0 entity animations
[30Sep2025 18:04:06.439] [Render thread/INFO] [net.minecraft.client.renderer.texture.TextureAtlas/]: Created: 256x256x0 jei:textures/atlas/gui.png-atlas
[30Sep2025 18:04:31.671] [Render thread/INFO] [net.minecraft.world.item.crafting.RecipeManager/]: Loaded 1295 recipes
[30Sep2025 18:04:31.905] [Render thread/INFO] [net.minecraft.advancements.AdvancementTree/]: Loaded 1400 advancements
[30Sep2025 18:04:32.270] [Render thread/INFO] [mezz.jei.neoforge.startup.StartEventObserver/]: JEI StartEventObserver received class net.neoforged.neoforge.event.TagsUpdatedEvent too early, ignoring
[30Sep2025 18:04:32.329] [Server thread/INFO] [net.minecraft.client.server.IntegratedServer/]: Starting integrated minecraft server version 1.21.1
[30Sep2025 18:04:32.329] [Server thread/INFO] [net.minecraft.server.MinecraftServer/]: Generating keypair
[30Sep2025 18:04:33.197] [Server thread/INFO] [net.minecraft.server.MinecraftServer/]: Preparing start region for dimension minecraft:overworld
[30Sep2025 18:04:33.471] [progressListener/INFO] [net.minecraft.server.level.progress.LoggerChunkProgressListener/]: Preparing spawn area: 0%
[30Sep2025 18:04:33.583] [Server thread/INFO] [net.neoforged.neoforge.server.permission.PermissionAPI/]: Successfully initialized permission handler neoforge:default_handler
[30Sep2025 18:04:33.590] [progressListener/INFO] [net.minecraft.server.level.progress.LoggerChunkProgressListener/]: Time elapsed: 385 ms
[30Sep2025 18:04:33.649] [Server thread/INFO] [net.minecraft.client.server.IntegratedServer/]: Changing view distance to 5, from 10
[30Sep2025 18:04:33.649] [Server thread/INFO] [net.minecraft.client.server.IntegratedServer/]: Changing simulation distance to 12, from 0
[30Sep2025 18:04:34.097] [Render thread/INFO] [mezz.jei.neoforge.startup.StartEventObserver/]: JEI StartEventObserver received class net.neoforged.neoforge.event.TagsUpdatedEvent
[30Sep2025 18:04:34.315] [Server thread/INFO] [net.minecraft.server.players.PlayerList/]: Dev[local:E:211f6cc2] logged in with entity id 78 at (67.59000498376744, 62.287354542184765, 107.69999998807907)
[30Sep2025 18:04:34.378] [Server thread/INFO] [net.minecraft.server.MinecraftServer/]: Dev joined the game
[30Sep2025 18:04:34.577] [Render thread/WARN] [net.minecraft.client.ClientRecipeBook/]: Unknown recipe category: genetic_playground:plasmid_synthesiser_jei_type/genetic_playground:maxhealth_recipe_jei
[30Sep2025 18:04:34.577] [Render thread/WARN] [net.minecraft.client.ClientRecipeBook/]: Unknown recipe category: genetic_playground:plasmid_synthesiser_jei_type/genetic_playground:milkable_plasmid_recipe_jei
[30Sep2025 18:04:34.577] [Render thread/WARN] [net.minecraft.client.ClientRecipeBook/]: Unknown recipe category: genetic_playground:plasmid_synthesiser_jei_type/genetic_playground:grazing_plasmid_recipe_jei
[30Sep2025 18:04:34.577] [Render thread/WARN] [net.minecraft.client.ClientRecipeBook/]: Unknown recipe category: genetic_playground:plasmid_synthesiser_jei_type/genetic_playground:movementspeed_plasmid_recipe_jei
[30Sep2025 18:04:34.589] [Render thread/INFO] [mezz.jei.neoforge.startup.StartEventObserver/]: JEI StartEventObserver received class net.neoforged.neoforge.client.event.RecipesUpdatedEvent
[30Sep2025 18:04:34.590] [Render thread/INFO] [mezz.jei.neoforge.startup.StartEventObserver/]: JEI StartEventObserver transitioning state from LISTENING to JEI_STARTED
[30Sep2025 18:04:34.591] [Render thread/INFO] [mezz.jei.core.util.LoggedTimer/]: Starting JEI...
[30Sep2025 18:04:34.606] [Render thread/INFO] [mezz.jei.library.load.PluginCaller/]: Registering item subtypes...
[30Sep2025 18:04:34.619] [Render thread/INFO] [mezz.jei.library.load.PluginCallerTimerRunnable/]: Registering item subtypes: jei:minecraft took 12.06 milliseconds
[30Sep2025 18:04:34.620] [Render thread/INFO] [mezz.jei.library.load.PluginCaller/]: Registering item subtypes took 13.56 ms
[30Sep2025 18:04:34.621] [Render thread/INFO] [mezz.jei.library.load.PluginCaller/]: Registering fluid subtypes...
[30Sep2025 18:04:34.624] [Render thread/INFO] [mezz.jei.library.load.PluginCaller/]: Registering fluid subtypes took 3.605 ms
[30Sep2025 18:04:34.630] [Render thread/INFO] [mezz.jei.library.load.PluginCaller/]: Registering ingredients...
[30Sep2025 18:04:34.759] [Render thread/WARN] [mezz.jei.library.plugins.vanilla.ingredients.ItemStackListFactory/]: Item Group has no display items and no search tab display items. Items from this group will be missing from the JEI ingredient list. Operator Utilities
[30Sep2025 18:04:34.793] [Render thread/INFO] [mezz.jei.library.load.PluginCallerTimerRunnable/]: Registering ingredients: jei:minecraft took 162.3 milliseconds
[30Sep2025 18:04:34.794] [Render thread/INFO] [mezz.jei.library.load.PluginCaller/]: Registering ingredients took 163.7 ms
[30Sep2025 18:04:34.794] [Render thread/INFO] [mezz.jei.library.load.PluginCaller/]: Registering extra ingredients...
[30Sep2025 18:04:34.796] [Render thread/INFO] [mezz.jei.library.load.PluginCaller/]: Registering extra ingredients took 825.7 μs
[30Sep2025 18:04:34.797] [Render thread/INFO] [mezz.jei.library.load.PluginCaller/]: Registering search ingredient aliases...
[30Sep2025 18:04:34.798] [Render thread/INFO] [mezz.jei.library.load.PluginCaller/]: Registering search ingredient aliases took 1.676 ms
[30Sep2025 18:04:34.831] [Render thread/INFO] [mezz.jei.library.load.PluginCaller/]: Registering Mod Info...
[30Sep2025 18:04:34.832] [Render thread/INFO] [mezz.jei.library.load.PluginCaller/]: Registering Mod Info took 803.0 μs
[30Sep2025 18:04:34.856] [Render thread/INFO] [mezz.jei.library.load.PluginCaller/]: Registering categories...
[30Sep2025 18:04:34.885] [Render thread/INFO] [mezz.jei.library.load.PluginCallerTimerRunnable/]: Registering categories: jei:minecraft took 28.98 milliseconds
[30Sep2025 18:04:34.897] [Render thread/INFO] [mezz.jei.library.load.PluginCaller/]: Registering categories took 41.14 ms
[30Sep2025 18:04:34.898] [Render thread/INFO] [mezz.jei.library.load.PluginCaller/]: Registering vanilla category extensions...
[30Sep2025 18:04:34.904] [Render thread/INFO] [mezz.jei.library.load.PluginCaller/]: Registering vanilla category extensions took 5.194 ms
[30Sep2025 18:04:34.906] [Render thread/INFO] [mezz.jei.library.load.PluginCaller/]: Registering recipe catalysts...
[30Sep2025 18:04:34.907] [Render thread/INFO] [mezz.jei.library.load.PluginCaller/]: Registering recipe catalysts took 1.711 ms
[30Sep2025 18:04:34.909] [Render thread/INFO] [mezz.jei.core.util.LoggedTimer/]: Building recipe registry...
[30Sep2025 18:04:34.934] [Render thread/INFO] [mezz.jei.core.util.LoggedTimer/]: Building recipe registry took 24.41 ms
[30Sep2025 18:04:34.936] [Render thread/INFO] [mezz.jei.library.load.PluginCaller/]: Registering advanced plugins...
[30Sep2025 18:04:34.937] [Render thread/INFO] [mezz.jei.library.load.PluginCaller/]: Registering advanced plugins took 821.3 μs
[30Sep2025 18:04:34.938] [Render thread/INFO] [mezz.jei.library.load.PluginCaller/]: Registering recipes...
[30Sep2025 18:04:35.090] [Render thread/INFO] [mezz.jei.library.load.PluginCallerTimerRunnable/]: Registering recipes: jei:minecraft took 151.4 milliseconds
[30Sep2025 18:04:35.147] [Render thread/INFO] [mezz.jei.library.load.PluginCallerTimerRunnable/]: Registering recipes: jei:internal took 55.64 milliseconds
[30Sep2025 18:04:35.148] [Render thread/INFO] [mezz.jei.library.load.PluginCaller/]: Registering recipes took 209.1 ms
[30Sep2025 18:04:35.187] [Render thread/INFO] [mezz.jei.library.load.PluginCaller/]: Registering recipes transfer handlers...
[30Sep2025 18:04:35.194] [Render thread/INFO] [mezz.jei.library.load.PluginCaller/]: Registering recipes transfer handlers took 6.258 ms
[30Sep2025 18:04:35.212] [Render thread/INFO] [mezz.jei.core.util.LoggedTimer/]: Building runtime...
[30Sep2025 18:04:35.225] [Render thread/INFO] [mezz.jei.library.load.PluginCaller/]: Registering gui handlers...
[30Sep2025 18:04:35.240] [Render thread/INFO] [mezz.jei.library.load.PluginCaller/]: Registering gui handlers took 14.27 ms
[30Sep2025 18:04:35.244] [Render thread/INFO] [mezz.jei.library.load.PluginCaller/]: Registering Runtime...
[30Sep2025 18:04:35.248] [Render thread/INFO] [mezz.jei.gui.startup.JeiGuiStarter/]: Starting JEI GUI
[30Sep2025 18:04:35.250] [Render thread/INFO] [mezz.jei.core.util.LoggedTimer/]: Building ingredient list...
[30Sep2025 18:04:35.284] [Render thread/INFO] [mezz.jei.core.util.LoggedTimer/]: Building ingredient list took 32.93 ms
[30Sep2025 18:04:35.284] [Render thread/INFO] [mezz.jei.core.util.LoggedTimer/]: Building ingredient filter...
[30Sep2025 18:04:35.350] [Render thread/INFO] [mezz.jei.gui.ingredients.IngredientFilter/]: Adding 1768 ingredients
[30Sep2025 18:04:35.627] [Render thread/INFO] [mezz.jei.gui.ingredients.IngredientFilter/]: Added 1768 ingredients
[30Sep2025 18:04:35.628] [Render thread/INFO] [mezz.jei.core.util.LoggedTimer/]: Building ingredient filter took 343.8 ms
[30Sep2025 18:04:35.732] [Render thread/INFO] [mezz.jei.library.load.PluginCallerTimerRunnable/]: Registering Runtime: jei:neoforge_gui took 485.7 milliseconds
[30Sep2025 18:04:35.733] [Render thread/INFO] [mezz.jei.library.load.PluginCaller/]: Registering Runtime took 487.8 ms
[30Sep2025 18:04:35.734] [Render thread/INFO] [mezz.jei.core.util.LoggedTimer/]: Building runtime took 521.0 ms
[30Sep2025 18:04:35.735] [Render thread/INFO] [mezz.jei.library.load.PluginCaller/]: Sending Runtime...
[30Sep2025 18:04:35.737] [Render thread/INFO] [mezz.jei.library.load.PluginCaller/]: Sending Runtime took 679.3 μs
[30Sep2025 18:04:35.737] [Render thread/INFO] [mezz.jei.core.util.LoggedTimer/]: Starting JEI took 1.145 s
[30Sep2025 18:04:35.755] [Render thread/INFO] [net.minecraft.advancements.AdvancementTree/]: Loaded 50 advancements
[30Sep2025 18:04:35.820] [Render thread/WARN] [net.minecraft.client.sounds.SoundEngine/SOUNDS]: Unable to play empty soundEvent: minecraft:entity.salmon.ambient
[30Sep2025 18:04:36.362] [Server thread/INFO] [net.minecraft.client.server.IntegratedServer/]: Saving and pausing game...
[30Sep2025 18:04:36.395] [Server thread/INFO] [net.minecraft.server.MinecraftServer/]: Saving chunks for level 'ServerLevel[New World]'/minecraft:overworld
[30Sep2025 18:04:36.421] [Server thread/INFO] [net.minecraft.server.MinecraftServer/]: Saving chunks for level 'ServerLevel[New World]'/minecraft:the_end
[30Sep2025 18:04:36.422] [Server thread/INFO] [net.minecraft.server.MinecraftServer/]: Saving chunks for level 'ServerLevel[New World]'/minecraft:the_nether
[30Sep2025 18:04:49.635] [Server thread/INFO] [net.minecraft.client.server.IntegratedServer/]: Saving and pausing game...
[30Sep2025 18:04:49.647] [Server thread/INFO] [net.minecraft.server.MinecraftServer/]: Saving chunks for level 'ServerLevel[New World]'/minecraft:overworld
[30Sep2025 18:04:49.662] [Server thread/INFO] [net.minecraft.server.MinecraftServer/]: Saving chunks for level 'ServerLevel[New World]'/minecraft:the_end
[30Sep2025 18:04:49.663] [Server thread/INFO] [net.minecraft.server.MinecraftServer/]: Saving chunks for level 'ServerLevel[New World]'/minecraft:the_nether
[30Sep2025 18:05:37.759] [Render thread/INFO] [net.minecraft.client.gui.components.ChatComponent/]: [System] [CHAT] Fluid: 0
[30Sep2025 18:05:37.956] [Render thread/INFO] [net.minecraft.client.gui.components.ChatComponent/]: [System] [CHAT] Fluid: 0
[30Sep2025 18:05:38.156] [Render thread/INFO] [net.minecraft.client.gui.components.ChatComponent/]: [System] [CHAT] Fluid: 0
[30Sep2025 18:05:38.355] [Render thread/INFO] [net.minecraft.client.gui.components.ChatComponent/]: [System] [CHAT] Fluid: 0
[30Sep2025 18:05:45.405] [Render thread/INFO] [net.minecraft.client.gui.components.ChatComponent/]: [System] [CHAT] Fluid: 0
[30Sep2025 18:05:45.606] [Render thread/INFO] [net.minecraft.client.gui.components.ChatComponent/]: [System] [CHAT] Fluid: 0
[30Sep2025 18:05:45.807] [Render thread/INFO] [net.minecraft.client.gui.components.ChatComponent/]: [System] [CHAT] Fluid: 0
[30Sep2025 18:05:46.007] [Render thread/INFO] [net.minecraft.client.gui.components.ChatComponent/]: [System] [CHAT] Fluid: 0
[30Sep2025 18:05:46.206] [Render thread/INFO] [net.minecraft.client.gui.components.ChatComponent/]: [System] [CHAT] Fluid: 0
[30Sep2025 18:05:46.405] [Render thread/INFO] [net.minecraft.client.gui.components.ChatComponent/]: [System] [CHAT] Fluid: 0
[30Sep2025 18:06:04.108] [Render thread/INFO] [net.minecraft.client.gui.components.ChatComponent/]: [System] [CHAT] Fluid: 0
[30Sep2025 18:06:04.358] [Render thread/INFO] [net.minecraft.client.gui.components.ChatComponent/]: [System] [CHAT] Fluid: 0
[30Sep2025 18:06:04.608] [Render thread/INFO] [net.minecraft.client.gui.components.ChatComponent/]: [System] [CHAT] Fluid: 0
[30Sep2025 18:06:05.959] [Render thread/INFO] [net.minecraft.client.gui.components.ChatComponent/]: [System] [CHAT] Fluid: 0
[30Sep2025 18:06:06.157] [Render thread/INFO] [net.minecraft.client.gui.components.ChatComponent/]: [System] [CHAT] Fluid: 0
[30Sep2025 18:06:06.487] [Server thread/INFO] [net.minecraft.client.server.IntegratedServer/]: Saving and pausing game...
[30Sep2025 18:06:06.501] [Server thread/INFO] [net.minecraft.server.MinecraftServer/]: Saving chunks for level 'ServerLevel[New World]'/minecraft:overworld
[30Sep2025 18:06:06.514] [Server thread/INFO] [net.minecraft.server.MinecraftServer/]: Saving chunks for level 'ServerLevel[New World]'/minecraft:the_end
[30Sep2025 18:06:06.515] [Server thread/INFO] [net.minecraft.server.MinecraftServer/]: Saving chunks for level 'ServerLevel[New World]'/minecraft:the_nether
[30Sep2025 18:06:06.862] [Render thread/INFO] [net.minecraft.client.Minecraft/]: Stopping!
[30Sep2025 18:06:06.866] [Render thread/INFO] [mezz.jei.neoforge.startup.StartEventObserver/]: JEI StartEventObserver received class net.neoforged.neoforge.client.event.ClientPlayerNetworkEvent$LoggingOut
[30Sep2025 18:06:06.866] [Render thread/INFO] [mezz.jei.neoforge.startup.StartEventObserver/]: JEI StartEventObserver transitioning state from JEI_STARTED to LISTENING
[30Sep2025 18:06:06.866] [Render thread/INFO] [mezz.jei.library.startup.JeiStarter/]: Stopping JEI
[30Sep2025 18:06:06.868] [Render thread/INFO] [mezz.jei.library.load.PluginCaller/]: Sending Runtime Unavailable...
[30Sep2025 18:06:06.869] [Render thread/INFO] [mezz.jei.neoforge.plugins.neoforge.NeoForgeGuiPlugin/]: Stopping JEI GUI
[30Sep2025 18:06:06.872] [Render thread/INFO] [mezz.jei.library.load.PluginCaller/]: Sending Runtime Unavailable took 4.935 ms
[30Sep2025 18:06:06.908] [Server thread/INFO] [net.minecraft.server.network.ServerGamePacketListenerImpl/]: Dev lost connection: Disconnected
[30Sep2025 18:06:06.909] [Server thread/INFO] [net.minecraft.server.MinecraftServer/]: Dev left the game
[30Sep2025 18:06:06.919] [Server thread/INFO] [net.minecraft.server.network.ServerCommonPacketListenerImpl/]: Stopping singleplayer server as player logged out
[30Sep2025 18:06:06.935] [Server thread/INFO] [net.minecraft.server.MinecraftServer/]: Stopping server
[30Sep2025 18:06:06.936] [Server thread/INFO] [net.minecraft.server.MinecraftServer/]: Saving players
[30Sep2025 18:06:06.936] [Server thread/INFO] [net.minecraft.server.MinecraftServer/]: Saving worlds
[30Sep2025 18:06:07.057] [Server thread/INFO] [net.minecraft.server.MinecraftServer/]: Saving chunks for level 'ServerLevel[New World]'/minecraft:overworld
[30Sep2025 18:06:07.119] [Server thread/INFO] [net.minecraft.server.MinecraftServer/]: Saving chunks for level 'ServerLevel[New World]'/minecraft:the_end
[30Sep2025 18:06:07.122] [Server thread/INFO] [net.minecraft.server.MinecraftServer/]: Saving chunks for level 'ServerLevel[New World]'/minecraft:the_nether
[30Sep2025 18:06:07.129] [Server thread/INFO] [net.minecraft.server.MinecraftServer/]: ThreadedAnvilChunkStorage (New World (12)): All chunks are saved
[30Sep2025 18:06:07.129] [Server thread/INFO] [net.minecraft.server.MinecraftServer/]: ThreadedAnvilChunkStorage (DIM1): All chunks are saved
[30Sep2025 18:06:07.129] [Server thread/INFO] [net.minecraft.server.MinecraftServer/]: ThreadedAnvilChunkStorage (DIM-1): All chunks are saved
[30Sep2025 18:06:07.129] [Server thread/INFO] [net.minecraft.server.MinecraftServer/]: ThreadedAnvilChunkStorage: All dimensions are saved
